# JRE version: OpenJDK Runtime Environment Temurin-21.0.5+11 (21.0.5+11) (build 21.0.5+11-LTS)
# Java VM: OpenJDK 64-Bit Server VM Temurin-21.0.5+11 (21.0.5+11-LTS, mixed mode, sharing, tiered, compressed oops, compressed class ptrs, parallel gc, windows-amd64)
GC Precious Log:
 CardTable entry size: 512
 CPUs: 8 total, 8 available
 Memory: 7997M
 Large Page Support: Disabled
 NUMA Support: Disabled
 Compressed Oops: Enabled (32-bit)
 Alignments: Space 512K, Generation 512K, Heap 2M
 Heap Min Capacity: 100M
 Heap Initial Capacity: 100M
 Heap Max Capacity: 1G
 Pre-touch: Disabled
 Parallel Workers: 8
Heap:
 PSYoungGen      total 15872K, used 14262K [0x00000000eab00000, 0x00000000ec200000, 0x0000000100000000)
  eden space 12800K, 100% used [0x00000000eab00000,0x00000000eb780000,0x00000000eb780000)
  from space 3072K, 47% used [0x00000000ebd00000,0x00000000ebe6d808,0x00000000ec000000)
  to   space 2048K, 0% used [0x00000000ec000000,0x00000000ec000000,0x00000000ec200000)
 ParOldGen       total 574976K, used 574974K [0x00000000c0000000, 0x00000000e3180000, 0x00000000eab00000)
  object space 574976K, 99% used [0x00000000c0000000,0x00000000e317f830,0x00000000e3180000)
 Metaspace       used 72210K, committed 73728K, reserved 1179648K
  class space    used 7447K, committed 8128K, reserved 1048576K
GC Heap History (20 events):
Event: 106.139 GC heap before
{Heap before GC invocations=957 (full 3):
 PSYoungGen      total 22528K, used 22064K [0x00000000eab00000, 0x00000000ec400000, 0x0000000100000000)
  eden space 20480K, 100% used [0x00000000eab00000,0x00000000ebf00000,0x00000000ebf00000)
  from space 2048K, 77% used [0x00000000ebf00000,0x00000000ec08c000,0x00000000ec100000)
  to   space 2560K, 0% used [0x00000000ec180000,0x00000000ec180000,0x00000000ec400000)
 ParOldGen       total 529408K, used 529021K [0x00000000c0000000, 0x00000000e0500000, 0x00000000eab00000)
  object space 529408K, 99% used [0x00000000c0000000,0x00000000e049f670,0x00000000e0500000)
 Metaspace       used 68971K, committed 70400K, reserved 1114112K
  class space    used 7161K, committed 7808K, reserved 1048576K
}
Event: 106.147 GC heap after
{Heap after GC invocations=957 (full 3):
 PSYoungGen      total 20992K, used 2555K [0x00000000eab00000, 0x00000000ec800000, 0x0000000100000000)
  eden space 18432K, 0% used [0x00000000eab00000,0x00000000eab00000,0x00000000ebd00000)
  from space 2560K, 99% used [0x00000000ec180000,0x00000000ec3feda0,0x00000000ec400000)
  to   space 4608K, 0% used [0x00000000ebd00000,0x00000000ebd00000,0x00000000ec180000)
 ParOldGen       total 530432K, used 530419K [0x00000000c0000000, 0x00000000e0600000, 0x00000000eab00000)
  object space 530432K, 99% used [0x00000000c0000000,0x00000000e05fce78,0x00000000e0600000)
 Metaspace       used 68971K, committed 70400K, reserved 1114112K
  class space    used 7161K, committed 7808K, reserved 1048576K
}
Event: 106.422 GC heap before
{Heap before GC invocations=958 (full 3):
 PSYoungGen      total 20992K, used 20987K [0x00000000eab00000, 0x00000000ec800000, 0x0000000100000000)
  eden space 18432K, 100% used [0x00000000eab00000,0x00000000ebd00000,0x00000000ebd00000)
  from space 2560K, 99% used [0x00000000ec180000,0x00000000ec3feda0,0x00000000ec400000)
  to   space 4608K, 0% used [0x00000000ebd00000,0x00000000ebd00000,0x00000000ec180000)
 ParOldGen       total 530432K, used 530419K [0x00000000c0000000, 0x00000000e0600000, 0x00000000eab00000)
  object space 530432K, 99% used [0x00000000c0000000,0x00000000e05fce78,0x00000000e0600000)
 Metaspace       used 69198K, committed 70720K, reserved 1114112K
  class space    used 7188K, committed 7872K, reserved 1048576K
}
Event: 106.435 GC heap after
{Heap after GC invocations=958 (full 3):
 PSYoungGen      total 23040K, used 4579K [0x00000000eab00000, 0x00000000ecd00000, 0x0000000100000000)
  eden space 18432K, 0% used [0x00000000eab00000,0x00000000eab00000,0x00000000ebd00000)
  from space 4608K, 99% used [0x00000000ebd00000,0x00000000ec178c08,0x00000000ec180000)
  to   space 8192K, 0% used [0x00000000ec500000,0x00000000ec500000,0x00000000ecd00000)
 ParOldGen       total 533504K, used 533011K [0x00000000c0000000, 0x00000000e0900000, 0x00000000eab00000)
  object space 533504K, 99% used [0x00000000c0000000,0x00000000e0884c10,0x00000000e0900000)
 Metaspace       used 69198K, committed 70720K, reserved 1114112K
  class space    used 7188K, committed 7872K, reserved 1048576K
}
Event: 106.952 GC heap before
{Heap before GC invocations=959 (full 3):
 PSYoungGen      total 23040K, used 22997K [0x00000000eab00000, 0x00000000ecd00000, 0x0000000100000000)
  eden space 18432K, 99% used [0x00000000eab00000,0x00000000ebcfc838,0x00000000ebd00000)
  from space 4608K, 99% used [0x00000000ebd00000,0x00000000ec178c08,0x00000000ec180000)
  to   space 8192K, 0% used [0x00000000ec500000,0x00000000ec500000,0x00000000ecd00000)
 ParOldGen       total 533504K, used 533011K [0x00000000c0000000, 0x00000000e0900000, 0x00000000eab00000)
  object space 533504K, 99% used [0x00000000c0000000,0x00000000e0884c10,0x00000000e0900000)
 Metaspace       used 69848K, committed 71360K, reserved 1114112K
  class space    used 7245K, committed 7936K, reserved 1048576K
}
Event: 106.969 GC heap after
{Heap after GC invocations=959 (full 3):
 PSYoungGen      total 20992K, used 8166K [0x00000000eab00000, 0x00000000ed800000, 0x0000000100000000)
  eden space 12800K, 0% used [0x00000000eab00000,0x00000000eab00000,0x00000000eb780000)
  from space 8192K, 99% used [0x00000000ec500000,0x00000000eccf9928,0x00000000ecd00000)
  to   space 13824K, 0% used [0x00000000eb780000,0x00000000eb780000,0x00000000ec500000)
 ParOldGen       total 537600K, used 537512K [0x00000000c0000000, 0x00000000e0d00000, 0x00000000eab00000)
  object space 537600K, 99% used [0x00000000c0000000,0x00000000e0cea2b8,0x00000000e0d00000)
 Metaspace       used 69848K, committed 71360K, reserved 1114112K
  class space    used 7245K, committed 7936K, reserved 1048576K
}
Event: 107.182 GC heap before
{Heap before GC invocations=960 (full 3):
 PSYoungGen      total 20992K, used 20966K [0x00000000eab00000, 0x00000000ed800000, 0x0000000100000000)
  eden space 12800K, 100% used [0x00000000eab00000,0x00000000eb780000,0x00000000eb780000)
  from space 8192K, 99% used [0x00000000ec500000,0x00000000eccf9928,0x00000000ecd00000)
  to   space 13824K, 0% used [0x00000000eb780000,0x00000000eb780000,0x00000000ec500000)
 ParOldGen       total 537600K, used 537512K [0x00000000c0000000, 0x00000000e0d00000, 0x00000000eab00000)
  object space 537600K, 99% used [0x00000000c0000000,0x00000000e0cea2b8,0x00000000e0d00000)
 Metaspace       used 70489K, committed 72064K, reserved 1114112K
  class space    used 7307K, committed 8000K, reserved 1048576K
}
Event: 107.203 GC heap after
{Heap after GC invocations=960 (full 3):
 PSYoungGen      total 19456K, used 6607K [0x00000000eab00000, 0x00000000ec980000, 0x0000000100000000)
  eden space 12800K, 0% used [0x00000000eab00000,0x00000000eab00000,0x00000000eb780000)
  from space 6656K, 99% used [0x00000000eb780000,0x00000000ebdf3df8,0x00000000ebe00000)
  to   space 9216K, 0% used [0x00000000ec080000,0x00000000ec080000,0x00000000ec980000)
 ParOldGen       total 545792K, used 545594K [0x00000000c0000000, 0x00000000e1500000, 0x00000000eab00000)
  object space 545792K, 99% used [0x00000000c0000000,0x00000000e14ce830,0x00000000e1500000)
 Metaspace       used 70489K, committed 72064K, reserved 1114112K
  class space    used 7307K, committed 8000K, reserved 1048576K
}
Event: 107.541 GC heap before
{Heap before GC invocations=961 (full 3):
 PSYoungGen      total 19456K, used 19246K [0x00000000eab00000, 0x00000000ec980000, 0x0000000100000000)
  eden space 12800K, 98% used [0x00000000eab00000,0x00000000eb757ac0,0x00000000eb780000)
  from space 6656K, 99% used [0x00000000eb780000,0x00000000ebdf3df8,0x00000000ebe00000)
  to   space 9216K, 0% used [0x00000000ec080000,0x00000000ec080000,0x00000000ec980000)
 ParOldGen       total 545792K, used 545594K [0x00000000c0000000, 0x00000000e1500000, 0x00000000eab00000)
  object space 545792K, 99% used [0x00000000c0000000,0x00000000e14ce830,0x00000000e1500000)
 Metaspace       used 70931K, committed 72448K, reserved 1114112K
  class space    used 7333K, committed 8000K, reserved 1048576K
}
Event: 107.569 GC heap after
{Heap after GC invocations=961 (full 3):
 PSYoungGen      total 18944K, used 5743K [0x00000000eab00000, 0x00000000ec680000, 0x0000000100000000)
  eden space 12800K, 0% used [0x00000000eab00000,0x00000000eab00000,0x00000000eb780000)
  from space 6144K, 93% used [0x00000000ec080000,0x00000000ec61bcc0,0x00000000ec680000)
  to   space 6656K, 0% used [0x00000000eb980000,0x00000000eb980000,0x00000000ec000000)
 ParOldGen       total 551936K, used 551835K [0x00000000c0000000, 0x00000000e1b00000, 0x00000000eab00000)
  object space 551936K, 99% used [0x00000000c0000000,0x00000000e1ae6dd8,0x00000000e1b00000)
 Metaspace       used 70931K, committed 72448K, reserved 1114112K
  class space    used 7333K, committed 8000K, reserved 1048576K
}
Event: 107.950 GC heap before
{Heap before GC invocations=962 (full 3):
 PSYoungGen      total 18944K, used 18491K [0x00000000eab00000, 0x00000000ec680000, 0x0000000100000000)
  eden space 12800K, 99% used [0x00000000eab00000,0x00000000eb7730c0,0x00000000eb780000)
  from space 6144K, 93% used [0x00000000ec080000,0x00000000ec61bcc0,0x00000000ec680000)
  to   space 6656K, 0% used [0x00000000eb980000,0x00000000eb980000,0x00000000ec000000)
 ParOldGen       total 551936K, used 551835K [0x00000000c0000000, 0x00000000e1b00000, 0x00000000eab00000)
  object space 551936K, 99% used [0x00000000c0000000,0x00000000e1ae6dd8,0x00000000e1b00000)
 Metaspace       used 71298K, committed 72768K, reserved 1179648K
  class space    used 7362K, committed 8000K, reserved 1048576K
}
Event: 107.978 GC heap after
{Heap after GC invocations=962 (full 3):
 PSYoungGen      total 19456K, used 6633K [0x00000000eab00000, 0x00000000ed580000, 0x0000000100000000)
  eden space 12800K, 0% used [0x00000000eab00000,0x00000000eab00000,0x00000000eb780000)
  from space 6656K, 99% used [0x00000000eb980000,0x00000000ebffa4d0,0x00000000ec000000)
  to   space 15360K, 0% used [0x00000000ec680000,0x00000000ec680000,0x00000000ed580000)
 ParOldGen       total 559616K, used 559136K [0x00000000c0000000, 0x00000000e2280000, 0x00000000eab00000)
  object space 559616K, 99% used [0x00000000c0000000,0x00000000e2208180,0x00000000e2280000)
 Metaspace       used 71298K, committed 72768K, reserved 1179648K
  class space    used 7362K, committed 8000K, reserved 1048576K
}
Event: 108.343 GC heap before
{Heap before GC invocations=963 (full 3):
 PSYoungGen      total 19456K, used 19378K [0x00000000eab00000, 0x00000000ed580000, 0x0000000100000000)
  eden space 12800K, 99% used [0x00000000eab00000,0x00000000eb772700,0x00000000eb780000)
  from space 6656K, 99% used [0x00000000eb980000,0x00000000ebffa4d0,0x00000000ec000000)
  to   space 15360K, 0% used [0x00000000ec680000,0x00000000ec680000,0x00000000ed580000)
 ParOldGen       total 559616K, used 559136K [0x00000000c0000000, 0x00000000e2280000, 0x00000000eab00000)
  object space 559616K, 99% used [0x00000000c0000000,0x00000000e2208180,0x00000000e2280000)
 Metaspace       used 72084K, committed 73600K, reserved 1179648K
  class space    used 7432K, committed 8128K, reserved 1048576K
}
Event: 108.362 GC heap after
{Heap after GC invocations=963 (full 3):
 PSYoungGen      total 16896K, used 3671K [0x00000000eab00000, 0x00000000eca80000, 0x0000000100000000)
  eden space 12800K, 0% used [0x00000000eab00000,0x00000000eab00000,0x00000000eb780000)
  from space 4096K, 89% used [0x00000000ec680000,0x00000000eca15cc0,0x00000000eca80000)
  to   space 7680K, 0% used [0x00000000ebb80000,0x00000000ebb80000,0x00000000ec300000)
 ParOldGen       total 566272K, used 565505K [0x00000000c0000000, 0x00000000e2900000, 0x00000000eab00000)
  object space 566272K, 99% used [0x00000000c0000000,0x00000000e28407f0,0x00000000e2900000)
 Metaspace       used 72084K, committed 73600K, reserved 1179648K
  class space    used 7432K, committed 8128K, reserved 1048576K
}
Event: 110.632 GC heap before
{Heap before GC invocations=964 (full 3):
 PSYoungGen      total 16896K, used 16471K [0x00000000eab00000, 0x00000000eca80000, 0x0000000100000000)
  eden space 12800K, 100% used [0x00000000eab00000,0x00000000eb780000,0x00000000eb780000)
  from space 4096K, 89% used [0x00000000ec680000,0x00000000eca15cc0,0x00000000eca80000)
  to   space 7680K, 0% used [0x00000000ebb80000,0x00000000ebb80000,0x00000000ec300000)
 ParOldGen       total 566272K, used 565505K [0x00000000c0000000, 0x00000000e2900000, 0x00000000eab00000)
  object space 566272K, 99% used [0x00000000c0000000,0x00000000e28407f0,0x00000000e2900000)
 Metaspace       used 72198K, committed 73728K, reserved 1179648K
  class space    used 7446K, committed 8128K, reserved 1048576K
}
Event: 110.650 GC heap after
{Heap after GC invocations=964 (full 3):
 PSYoungGen      total 18944K, used 5915K [0x00000000eab00000, 0x00000000ec700000, 0x0000000100000000)
  eden space 12800K, 0% used [0x00000000eab00000,0x00000000eab00000,0x00000000eb780000)
  from space 6144K, 96% used [0x00000000ebb80000,0x00000000ec146c08,0x00000000ec180000)
  to   space 5632K, 0% used [0x00000000ec180000,0x00000000ec180000,0x00000000ec700000)
 ParOldGen       total 568832K, used 568717K [0x00000000c0000000, 0x00000000e2b80000, 0x00000000eab00000)
  object space 568832K, 99% used [0x00000000c0000000,0x00000000e2b63428,0x00000000e2b80000)
 Metaspace       used 72198K, committed 73728K, reserved 1179648K
  class space    used 7446K, committed 8128K, reserved 1048576K
}
Event: 111.052 GC heap before
{Heap before GC invocations=965 (full 3):
 PSYoungGen      total 18944K, used 18715K [0x00000000eab00000, 0x00000000ec700000, 0x0000000100000000)
  eden space 12800K, 100% used [0x00000000eab00000,0x00000000eb780000,0x00000000eb780000)
  from space 6144K, 96% used [0x00000000ebb80000,0x00000000ec146c08,0x00000000ec180000)
  to   space 5632K, 0% used [0x00000000ec180000,0x00000000ec180000,0x00000000ec700000)
 ParOldGen       total 568832K, used 568717K [0x00000000c0000000, 0x00000000e2b80000, 0x00000000eab00000)
  object space 568832K, 99% used [0x00000000c0000000,0x00000000e2b63428,0x00000000e2b80000)
 Metaspace       used 72201K, committed 73728K, reserved 1179648K
  class space    used 7446K, committed 8128K, reserved 1048576K
}
Event: 111.072 GC heap after
{Heap after GC invocations=965 (full 3):
 PSYoungGen      total 14336K, used 1042K [0x00000000eab00000, 0x00000000ec300000, 0x0000000100000000)
  eden space 12800K, 0% used [0x00000000eab00000,0x00000000eab00000,0x00000000eb780000)
  from space 1536K, 67% used [0x00000000ec180000,0x00000000ec284ad8,0x00000000ec300000)
  to   space 3072K, 0% used [0x00000000ebd00000,0x00000000ebd00000,0x00000000ec000000)
 ParOldGen       total 574464K, used 574093K [0x00000000c0000000, 0x00000000e3100000, 0x00000000eab00000)
  object space 574464K, 99% used [0x00000000c0000000,0x00000000e30a3428,0x00000000e3100000)
 Metaspace       used 72201K, committed 73728K, reserved 1179648K
  class space    used 7446K, committed 8128K, reserved 1048576K
}
Event: 111.368 GC heap before
{Heap before GC invocations=966 (full 3):
 PSYoungGen      total 14336K, used 13842K [0x00000000eab00000, 0x00000000ec300000, 0x0000000100000000)
  eden space 12800K, 100% used [0x00000000eab00000,0x00000000eb780000,0x00000000eb780000)
  from space 1536K, 67% used [0x00000000ec180000,0x00000000ec284ad8,0x00000000ec300000)
  to   space 3072K, 0% used [0x00000000ebd00000,0x00000000ebd00000,0x00000000ec000000)
 ParOldGen       total 574464K, used 574093K [0x00000000c0000000, 0x00000000e3100000, 0x00000000eab00000)
  object space 574464K, 99% used [0x00000000c0000000,0x00000000e30a3428,0x00000000e3100000)
 Metaspace       used 72201K, committed 73728K, reserved 1179648K
  class space    used 7446K, committed 8128K, reserved 1048576K
}
Event: 111.372 GC heap after
{Heap after GC invocations=966 (full 3):
 PSYoungGen      total 15872K, used 1462K [0x00000000eab00000, 0x00000000ec200000, 0x0000000100000000)
  eden space 12800K, 0% used [0x00000000eab00000,0x00000000eab00000,0x00000000eb780000)
  from space 3072K, 47% used [0x00000000ebd00000,0x00000000ebe6d808,0x00000000ec000000)
  to   space 2048K, 0% used [0x00000000ec000000,0x00000000ec000000,0x00000000ec200000)
 ParOldGen       total 574976K, used 574974K [0x00000000c0000000, 0x00000000e3180000, 0x00000000eab00000)
  object space 574976K, 99% used [0x00000000c0000000,0x00000000e317f830,0x00000000e3180000)
 Metaspace       used 72201K, committed 73728K, reserved 1179648K
  class space    used 7446K, committed 8128K, reserved 1048576K
}

