# JRE version: OpenJDK Runtime Environment Temurin-17.0.13+11 (17.0.13+11) (build 17.0.13+11)
# Java VM: OpenJDK 64-Bit Server VM Temurin-17.0.13+11 (17.0.13+11, mixed mode, tiered, compressed oops, compressed class ptrs, parallel gc, windows-amd64)
GC Precious Log:
 CPUs: 8 total, 8 available
 Memory: 7997M
 Large Page Support: Disabled
 NUMA Support: Disabled
 Compressed Oops: Enabled (32-bit)
 Alignments: Space 512K, Generation 512K, Heap 2M
 Heap Min Capacity: 100M
 Heap Initial Capacity: 100M
 Heap Max Capacity: 1G
 Pre-touch: Disabled
 Parallel Workers: 8
Heap:
 PSYoungGen      total 14848K, used 8092K [0x00000000eab00000, 0x00000000ebc80000, 0x0000000100000000)
  eden space 12800K, 50% used [0x00000000eab00000,0x00000000eb146380,0x00000000eb780000)
  from space 2048K, 81% used [0x00000000eb780000,0x00000000eb920da8,0x00000000eb980000)
  to   space 2560K, 0% used [0x00000000eba00000,0x00000000eba00000,0x00000000ebc80000)
 ParOldGen       total 89088K, used 69208K [0x00000000c0000000, 0x00000000c5700000, 0x00000000eab00000)
  object space 89088K, 77% used [0x00000000c0000000,0x00000000c43961c0,0x00000000c5700000)
 Metaspace       used 56452K, committed 57600K, reserved 1114112K
  class space    used 6040K, committed 6528K, reserved 1048576K
GC Heap History (20 events):
Event: 23.586 GC heap before
{Heap before GC invocations=31 (full 2):
 PSYoungGen      total 18432K, used 18148K [0x00000000eab00000, 0x00000000ec080000, 0x0000000100000000)
  eden space 15872K, 100% used [0x00000000eab00000,0x00000000eba80000,0x00000000eba80000)
  from space 2560K, 88% used [0x00000000ebe00000,0x00000000ec0391d8,0x00000000ec080000)
  to   space 2560K, 0% used [0x00000000eba80000,0x00000000eba80000,0x00000000ebd00000)
 ParOldGen       total 68608K, used 48907K [0x00000000c0000000, 0x00000000c4300000, 0x00000000eab00000)
  object space 68608K, 71% used [0x00000000c0000000,0x00000000c2fc2c78,0x00000000c4300000)
 Metaspace       used 55885K, committed 57024K, reserved 1114112K
  class space    used 5982K, committed 6464K, reserved 1048576K
}
Event: 23.593 GC heap after
{Heap after GC invocations=31 (full 2):
 PSYoungGen      total 18432K, used 2292K [0x00000000eab00000, 0x00000000ebf80000, 0x0000000100000000)
  eden space 15872K, 0% used [0x00000000eab00000,0x00000000eab00000,0x00000000eba80000)
  from space 2560K, 89% used [0x00000000eba80000,0x00000000ebcbd3a8,0x00000000ebd00000)
  to   space 2560K, 0% used [0x00000000ebd00000,0x00000000ebd00000,0x00000000ebf80000)
 ParOldGen       total 68608K, used 50991K [0x00000000c0000000, 0x00000000c4300000, 0x00000000eab00000)
  object space 68608K, 74% used [0x00000000c0000000,0x00000000c31cbc98,0x00000000c4300000)
 Metaspace       used 55885K, committed 57024K, reserved 1114112K
  class space    used 5982K, committed 6464K, reserved 1048576K
}
Event: 23.752 GC heap before
{Heap before GC invocations=32 (full 2):
 PSYoungGen      total 18432K, used 18164K [0x00000000eab00000, 0x00000000ebf80000, 0x0000000100000000)
  eden space 15872K, 100% used [0x00000000eab00000,0x00000000eba80000,0x00000000eba80000)
  from space 2560K, 89% used [0x00000000eba80000,0x00000000ebcbd3a8,0x00000000ebd00000)
  to   space 2560K, 0% used [0x00000000ebd00000,0x00000000ebd00000,0x00000000ebf80000)
 ParOldGen       total 68608K, used 50991K [0x00000000c0000000, 0x00000000c4300000, 0x00000000eab00000)
  object space 68608K, 74% used [0x00000000c0000000,0x00000000c31cbc98,0x00000000c4300000)
 Metaspace       used 55885K, committed 57024K, reserved 1114112K
  class space    used 5982K, committed 6464K, reserved 1048576K
}
Event: 23.757 GC heap after
{Heap after GC invocations=32 (full 2):
 PSYoungGen      total 18432K, used 2345K [0x00000000eab00000, 0x00000000ebf80000, 0x0000000100000000)
  eden space 15872K, 0% used [0x00000000eab00000,0x00000000eab00000,0x00000000eba80000)
  from space 2560K, 91% used [0x00000000ebd00000,0x00000000ebf4a568,0x00000000ebf80000)
  to   space 2560K, 0% used [0x00000000eba80000,0x00000000eba80000,0x00000000ebd00000)
 ParOldGen       total 68608K, used 53114K [0x00000000c0000000, 0x00000000c4300000, 0x00000000eab00000)
  object space 68608K, 77% used [0x00000000c0000000,0x00000000c33de9c8,0x00000000c4300000)
 Metaspace       used 55885K, committed 57024K, reserved 1114112K
  class space    used 5982K, committed 6464K, reserved 1048576K
}
Event: 23.972 GC heap before
{Heap before GC invocations=33 (full 2):
 PSYoungGen      total 18432K, used 18217K [0x00000000eab00000, 0x00000000ebf80000, 0x0000000100000000)
  eden space 15872K, 100% used [0x00000000eab00000,0x00000000eba80000,0x00000000eba80000)
  from space 2560K, 91% used [0x00000000ebd00000,0x00000000ebf4a568,0x00000000ebf80000)
  to   space 2560K, 0% used [0x00000000eba80000,0x00000000eba80000,0x00000000ebd00000)
 ParOldGen       total 68608K, used 53114K [0x00000000c0000000, 0x00000000c4300000, 0x00000000eab00000)
  object space 68608K, 77% used [0x00000000c0000000,0x00000000c33de9c8,0x00000000c4300000)
 Metaspace       used 55885K, committed 57024K, reserved 1114112K
  class space    used 5982K, committed 6464K, reserved 1048576K
}
Event: 23.977 GC heap after
{Heap after GC invocations=33 (full 2):
 PSYoungGen      total 18432K, used 2369K [0x00000000eab00000, 0x00000000ebf80000, 0x0000000100000000)
  eden space 15872K, 0% used [0x00000000eab00000,0x00000000eab00000,0x00000000eba80000)
  from space 2560K, 92% used [0x00000000eba80000,0x00000000ebcd07a8,0x00000000ebd00000)
  to   space 2560K, 0% used [0x00000000ebd00000,0x00000000ebd00000,0x00000000ebf80000)
 ParOldGen       total 68608K, used 55331K [0x00000000c0000000, 0x00000000c4300000, 0x00000000eab00000)
  object space 68608K, 80% used [0x00000000c0000000,0x00000000c3608de0,0x00000000c4300000)
 Metaspace       used 55885K, committed 57024K, reserved 1114112K
  class space    used 5982K, committed 6464K, reserved 1048576K
}
Event: 24.287 GC heap before
{Heap before GC invocations=34 (full 2):
 PSYoungGen      total 18432K, used 18241K [0x00000000eab00000, 0x00000000ebf80000, 0x0000000100000000)
  eden space 15872K, 100% used [0x00000000eab00000,0x00000000eba80000,0x00000000eba80000)
  from space 2560K, 92% used [0x00000000eba80000,0x00000000ebcd07a8,0x00000000ebd00000)
  to   space 2560K, 0% used [0x00000000ebd00000,0x00000000ebd00000,0x00000000ebf80000)
 ParOldGen       total 68608K, used 55331K [0x00000000c0000000, 0x00000000c4300000, 0x00000000eab00000)
  object space 68608K, 80% used [0x00000000c0000000,0x00000000c3608de0,0x00000000c4300000)
 Metaspace       used 55887K, committed 57024K, reserved 1114112K
  class space    used 5982K, committed 6464K, reserved 1048576K
}
Event: 24.293 GC heap after
{Heap after GC invocations=34 (full 2):
 PSYoungGen      total 18432K, used 2262K [0x00000000eab00000, 0x00000000ebf80000, 0x0000000100000000)
  eden space 15872K, 0% used [0x00000000eab00000,0x00000000eab00000,0x00000000eba80000)
  from space 2560K, 88% used [0x00000000ebd00000,0x00000000ebf35bb8,0x00000000ebf80000)
  to   space 2560K, 0% used [0x00000000eba80000,0x00000000eba80000,0x00000000ebd00000)
 ParOldGen       total 68608K, used 57536K [0x00000000c0000000, 0x00000000c4300000, 0x00000000eab00000)
  object space 68608K, 83% used [0x00000000c0000000,0x00000000c38302f8,0x00000000c4300000)
 Metaspace       used 55887K, committed 57024K, reserved 1114112K
  class space    used 5982K, committed 6464K, reserved 1048576K
}
Event: 24.554 GC heap before
{Heap before GC invocations=35 (full 2):
 PSYoungGen      total 18432K, used 18134K [0x00000000eab00000, 0x00000000ebf80000, 0x0000000100000000)
  eden space 15872K, 100% used [0x00000000eab00000,0x00000000eba80000,0x00000000eba80000)
  from space 2560K, 88% used [0x00000000ebd00000,0x00000000ebf35bb8,0x00000000ebf80000)
  to   space 2560K, 0% used [0x00000000eba80000,0x00000000eba80000,0x00000000ebd00000)
 ParOldGen       total 68608K, used 57536K [0x00000000c0000000, 0x00000000c4300000, 0x00000000eab00000)
  object space 68608K, 83% used [0x00000000c0000000,0x00000000c38302f8,0x00000000c4300000)
 Metaspace       used 55897K, committed 57024K, reserved 1114112K
  class space    used 5982K, committed 6464K, reserved 1048576K
}
Event: 24.559 GC heap after
{Heap after GC invocations=35 (full 2):
 PSYoungGen      total 18432K, used 2195K [0x00000000eab00000, 0x00000000ebf80000, 0x0000000100000000)
  eden space 15872K, 0% used [0x00000000eab00000,0x00000000eab00000,0x00000000eba80000)
  from space 2560K, 85% used [0x00000000eba80000,0x00000000ebca4ee0,0x00000000ebd00000)
  to   space 2560K, 0% used [0x00000000ebd00000,0x00000000ebd00000,0x00000000ebf80000)
 ParOldGen       total 68608K, used 59650K [0x00000000c0000000, 0x00000000c4300000, 0x00000000eab00000)
  object space 68608K, 86% used [0x00000000c0000000,0x00000000c3a40b98,0x00000000c4300000)
 Metaspace       used 55897K, committed 57024K, reserved 1114112K
  class space    used 5982K, committed 6464K, reserved 1048576K
}
Event: 24.903 GC heap before
{Heap before GC invocations=36 (full 2):
 PSYoungGen      total 18432K, used 18067K [0x00000000eab00000, 0x00000000ebf80000, 0x0000000100000000)
  eden space 15872K, 100% used [0x00000000eab00000,0x00000000eba80000,0x00000000eba80000)
  from space 2560K, 85% used [0x00000000eba80000,0x00000000ebca4ee0,0x00000000ebd00000)
  to   space 2560K, 0% used [0x00000000ebd00000,0x00000000ebd00000,0x00000000ebf80000)
 ParOldGen       total 68608K, used 59650K [0x00000000c0000000, 0x00000000c4300000, 0x00000000eab00000)
  object space 68608K, 86% used [0x00000000c0000000,0x00000000c3a40b98,0x00000000c4300000)
 Metaspace       used 55949K, committed 57024K, reserved 1114112K
  class space    used 5991K, committed 6464K, reserved 1048576K
}
Event: 24.913 GC heap after
{Heap after GC invocations=36 (full 2):
 PSYoungGen      total 15360K, used 2559K [0x00000000eab00000, 0x00000000ec580000, 0x0000000100000000)
  eden space 12800K, 0% used [0x00000000eab00000,0x00000000eab00000,0x00000000eb780000)
  from space 2560K, 99% used [0x00000000ebd00000,0x00000000ebf7fcf0,0x00000000ebf80000)
  to   space 5632K, 0% used [0x00000000eb780000,0x00000000eb780000,0x00000000ebd00000)
 ParOldGen       total 68608K, used 61989K [0x00000000c0000000, 0x00000000c4300000, 0x00000000eab00000)
  object space 68608K, 90% used [0x00000000c0000000,0x00000000c3c89730,0x00000000c4300000)
 Metaspace       used 55949K, committed 57024K, reserved 1114112K
  class space    used 5991K, committed 6464K, reserved 1048576K
}
Event: 25.124 GC heap before
{Heap before GC invocations=37 (full 2):
 PSYoungGen      total 15360K, used 15359K [0x00000000eab00000, 0x00000000ec580000, 0x0000000100000000)
  eden space 12800K, 100% used [0x00000000eab00000,0x00000000eb780000,0x00000000eb780000)
  from space 2560K, 99% used [0x00000000ebd00000,0x00000000ebf7fcf0,0x00000000ebf80000)
  to   space 5632K, 0% used [0x00000000eb780000,0x00000000eb780000,0x00000000ebd00000)
 ParOldGen       total 68608K, used 61989K [0x00000000c0000000, 0x00000000c4300000, 0x00000000eab00000)
  object space 68608K, 90% used [0x00000000c0000000,0x00000000c3c89730,0x00000000c4300000)
 Metaspace       used 55972K, committed 57088K, reserved 1114112K
  class space    used 5991K, committed 6464K, reserved 1048576K
}
Event: 25.133 GC heap after
{Heap after GC invocations=37 (full 2):
 PSYoungGen      total 14336K, used 1304K [0x00000000eab00000, 0x00000000ebd80000, 0x0000000100000000)
  eden space 12800K, 0% used [0x00000000eab00000,0x00000000eab00000,0x00000000eb780000)
  from space 1536K, 84% used [0x00000000eb780000,0x00000000eb8c6130,0x00000000eb900000)
  to   space 3072K, 0% used [0x00000000eba80000,0x00000000eba80000,0x00000000ebd80000)
 ParOldGen       total 68608K, used 64368K [0x00000000c0000000, 0x00000000c4300000, 0x00000000eab00000)
  object space 68608K, 93% used [0x00000000c0000000,0x00000000c3edc1b0,0x00000000c4300000)
 Metaspace       used 55972K, committed 57088K, reserved 1114112K
  class space    used 5991K, committed 6464K, reserved 1048576K
}
Event: 25.391 GC heap before
{Heap before GC invocations=38 (full 2):
 PSYoungGen      total 14336K, used 14104K [0x00000000eab00000, 0x00000000ebd80000, 0x0000000100000000)
  eden space 12800K, 100% used [0x00000000eab00000,0x00000000eb780000,0x00000000eb780000)
  from space 1536K, 84% used [0x00000000eb780000,0x00000000eb8c6130,0x00000000eb900000)
  to   space 3072K, 0% used [0x00000000eba80000,0x00000000eba80000,0x00000000ebd80000)
 ParOldGen       total 68608K, used 64368K [0x00000000c0000000, 0x00000000c4300000, 0x00000000eab00000)
  object space 68608K, 93% used [0x00000000c0000000,0x00000000c3edc1b0,0x00000000c4300000)
 Metaspace       used 56062K, committed 57216K, reserved 1114112K
  class space    used 6008K, committed 6528K, reserved 1048576K
}
Event: 25.396 GC heap after
{Heap after GC invocations=38 (full 2):
 PSYoungGen      total 14848K, used 1643K [0x00000000eab00000, 0x00000000ebc80000, 0x0000000100000000)
  eden space 12800K, 0% used [0x00000000eab00000,0x00000000eab00000,0x00000000eb780000)
  from space 2048K, 80% used [0x00000000eba80000,0x00000000ebc1af90,0x00000000ebc80000)
  to   space 2048K, 0% used [0x00000000eb880000,0x00000000eb880000,0x00000000eba80000)
 ParOldGen       total 68608K, used 65493K [0x00000000c0000000, 0x00000000c4300000, 0x00000000eab00000)
  object space 68608K, 95% used [0x00000000c0000000,0x00000000c3ff57b0,0x00000000c4300000)
 Metaspace       used 56062K, committed 57216K, reserved 1114112K
  class space    used 6008K, committed 6528K, reserved 1048576K
}
Event: 25.789 GC heap before
{Heap before GC invocations=39 (full 2):
 PSYoungGen      total 14848K, used 14443K [0x00000000eab00000, 0x00000000ebc80000, 0x0000000100000000)
  eden space 12800K, 100% used [0x00000000eab00000,0x00000000eb780000,0x00000000eb780000)
  from space 2048K, 80% used [0x00000000eba80000,0x00000000ebc1af90,0x00000000ebc80000)
  to   space 2048K, 0% used [0x00000000eb880000,0x00000000eb880000,0x00000000eba80000)
 ParOldGen       total 68608K, used 65493K [0x00000000c0000000, 0x00000000c4300000, 0x00000000eab00000)
  object space 68608K, 95% used [0x00000000c0000000,0x00000000c3ff57b0,0x00000000c4300000)
 Metaspace       used 56326K, committed 57472K, reserved 1114112K
  class space    used 6020K, committed 6528K, reserved 1048576K
}
Event: 25.794 GC heap after
{Heap after GC invocations=39 (full 2):
 PSYoungGen      total 14848K, used 2031K [0x00000000eab00000, 0x00000000ebf80000, 0x0000000100000000)
  eden space 12800K, 0% used [0x00000000eab00000,0x00000000eab00000,0x00000000eb780000)
  from space 2048K, 99% used [0x00000000eb880000,0x00000000eba7bf08,0x00000000eba80000)
  to   space 4096K, 0% used [0x00000000ebb80000,0x00000000ebb80000,0x00000000ebf80000)
 ParOldGen       total 68608K, used 67183K [0x00000000c0000000, 0x00000000c4300000, 0x00000000eab00000)
  object space 68608K, 97% used [0x00000000c0000000,0x00000000c419bfa0,0x00000000c4300000)
 Metaspace       used 56326K, committed 57472K, reserved 1114112K
  class space    used 6020K, committed 6528K, reserved 1048576K
}
Event: 26.014 GC heap before
{Heap before GC invocations=40 (full 3):
 PSYoungGen      total 14848K, used 14831K [0x00000000eab00000, 0x00000000ebf80000, 0x0000000100000000)
  eden space 12800K, 100% used [0x00000000eab00000,0x00000000eb780000,0x00000000eb780000)
  from space 2048K, 99% used [0x00000000eb880000,0x00000000eba7bf08,0x00000000eba80000)
  to   space 4096K, 0% used [0x00000000ebb80000,0x00000000ebb80000,0x00000000ebf80000)
 ParOldGen       total 68608K, used 67183K [0x00000000c0000000, 0x00000000c4300000, 0x00000000eab00000)
  object space 68608K, 97% used [0x00000000c0000000,0x00000000c419bfa0,0x00000000c4300000)
 Metaspace       used 56328K, committed 57472K, reserved 1114112K
  class space    used 6020K, committed 6528K, reserved 1048576K
}
Event: 26.228 GC heap after
{Heap after GC invocations=40 (full 3):
 PSYoungGen      total 16896K, used 0K [0x00000000eab00000, 0x00000000ebf80000, 0x0000000100000000)
  eden space 12800K, 0% used [0x00000000eab00000,0x00000000eab00000,0x00000000eb780000)
  from space 4096K, 0% used [0x00000000ebb80000,0x00000000ebb80000,0x00000000ebf80000)
  to   space 4096K, 0% used [0x00000000eb780000,0x00000000eb780000,0x00000000ebb80000)
 ParOldGen       total 89088K, used 62165K [0x00000000c0000000, 0x00000000c5700000, 0x00000000eab00000)
  object space 89088K, 69% used [0x00000000c0000000,0x00000000c3cb56a8,0x00000000c5700000)
 Metaspace       used 56328K, committed 57472K, reserved 1114112K
  class space    used 6020K, committed 6528K, reserved 1048576K
}

