# JRE version: OpenJDK Runtime Environment Temurin-21.0.5+11 (21.0.5+11) (build 21.0.5+11-LTS)
# Java VM: OpenJDK 64-Bit Server VM Temurin-21.0.5+11 (21.0.5+11-LTS, mixed mode, sharing, tiered, compressed oops, compressed class ptrs, parallel gc, windows-amd64)
GC Precious Log:
 CardTable entry size: 512
 CPUs: 8 total, 8 available
 Memory: 7997M
 Large Page Support: Disabled
 NUMA Support: Disabled
 Compressed Oops: Enabled (32-bit)
 Alignments: Space 512K, Generation 512K, Heap 2M
 Heap Min Capacity: 100M
 Heap Initial Capacity: 100M
 Heap Max Capacity: 1G
 Pre-touch: Disabled
 Parallel Workers: 8
Heap:
 PSYoungGen      total 13824K, used 13819K [0x00000000eab00000, 0x00000000ebb00000, 0x0000000100000000)
  eden space 12288K, 100% used [0x00000000eab00000,0x00000000eb700000,0x00000000eb700000)
  from space 1536K, 99% used [0x00000000eb980000,0x00000000ebafec08,0x00000000ebb00000)
  to   space 2048K, 52% used [0x00000000eb700000,0x00000000eb80d808,0x00000000eb900000)
 ParOldGen       total 431104K, used 431098K [0x00000000c0000000, 0x00000000da500000, 0x00000000eab00000)
  object space 431104K, 99% used [0x00000000c0000000,0x00000000da4fe960,0x00000000da500000)
 Metaspace       used 64827K, committed 66368K, reserved 1114112K
  class space    used 6671K, committed 7360K, reserved 1048576K
GC Heap History (20 events):
Event: 56.347 GC heap before
{Heap before GC invocations=622 (full 3):
 PSYoungGen      total 12800K, used 12800K [0x00000000eab00000, 0x00000000eba80000, 0x0000000100000000)
  eden space 12288K, 100% used [0x00000000eab00000,0x00000000eb700000,0x00000000eb700000)
  from space 512K, 100% used [0x00000000eba00000,0x00000000eba80000,0x00000000eba80000)
  to   space 1536K, 0% used [0x00000000eb780000,0x00000000eb780000,0x00000000eb900000)
 ParOldGen       total 420352K, used 420262K [0x00000000c0000000, 0x00000000d9a80000, 0x00000000eab00000)
  object space 420352K, 99% used [0x00000000c0000000,0x00000000d9a69b90,0x00000000d9a80000)
 Metaspace       used 63929K, committed 65472K, reserved 1114112K
  class space    used 6572K, committed 7232K, reserved 1048576K
}
Event: 56.352 GC heap after
{Heap after GC invocations=622 (full 3):
 PSYoungGen      total 13824K, used 608K [0x00000000eab00000, 0x00000000eba80000, 0x0000000100000000)
  eden space 12288K, 0% used [0x00000000eab00000,0x00000000eab00000,0x00000000eb700000)
  from space 1536K, 39% used [0x00000000eb780000,0x00000000eb818000,0x00000000eb900000)
  to   space 1024K, 0% used [0x00000000eb980000,0x00000000eb980000,0x00000000eba80000)
 ParOldGen       total 420864K, used 420798K [0x00000000c0000000, 0x00000000d9b00000, 0x00000000eab00000)
  object space 420864K, 99% used [0x00000000c0000000,0x00000000d9aefb90,0x00000000d9b00000)
 Metaspace       used 63929K, committed 65472K, reserved 1114112K
  class space    used 6572K, committed 7232K, reserved 1048576K
}
Event: 56.387 GC heap before
{Heap before GC invocations=623 (full 3):
 PSYoungGen      total 13824K, used 12896K [0x00000000eab00000, 0x00000000eba80000, 0x0000000100000000)
  eden space 12288K, 100% used [0x00000000eab00000,0x00000000eb700000,0x00000000eb700000)
  from space 1536K, 39% used [0x00000000eb780000,0x00000000eb818000,0x00000000eb900000)
  to   space 1024K, 0% used [0x00000000eb980000,0x00000000eb980000,0x00000000eba80000)
 ParOldGen       total 420864K, used 420798K [0x00000000c0000000, 0x00000000d9b00000, 0x00000000eab00000)
  object space 420864K, 99% used [0x00000000c0000000,0x00000000d9aefb90,0x00000000d9b00000)
 Metaspace       used 63937K, committed 65472K, reserved 1114112K
  class space    used 6574K, committed 7232K, reserved 1048576K
}
Event: 56.392 GC heap after
{Heap after GC invocations=623 (full 3):
 PSYoungGen      total 13312K, used 672K [0x00000000eab00000, 0x00000000eba80000, 0x0000000100000000)
  eden space 12288K, 0% used [0x00000000eab00000,0x00000000eab00000,0x00000000eb700000)
  from space 1024K, 65% used [0x00000000eb980000,0x00000000eba28000,0x00000000eba80000)
  to   space 1024K, 0% used [0x00000000eb880000,0x00000000eb880000,0x00000000eb980000)
 ParOldGen       total 421376K, used 421278K [0x00000000c0000000, 0x00000000d9b80000, 0x00000000eab00000)
  object space 421376K, 99% used [0x00000000c0000000,0x00000000d9b67be0,0x00000000d9b80000)
 Metaspace       used 63937K, committed 65472K, reserved 1114112K
  class space    used 6574K, committed 7232K, reserved 1048576K
}
Event: 56.431 GC heap before
{Heap before GC invocations=624 (full 3):
 PSYoungGen      total 13312K, used 12960K [0x00000000eab00000, 0x00000000eba80000, 0x0000000100000000)
  eden space 12288K, 100% used [0x00000000eab00000,0x00000000eb700000,0x00000000eb700000)
  from space 1024K, 65% used [0x00000000eb980000,0x00000000eba28000,0x00000000eba80000)
  to   space 1024K, 0% used [0x00000000eb880000,0x00000000eb880000,0x00000000eb980000)
 ParOldGen       total 421376K, used 421278K [0x00000000c0000000, 0x00000000d9b80000, 0x00000000eab00000)
  object space 421376K, 99% used [0x00000000c0000000,0x00000000d9b67be0,0x00000000d9b80000)
 Metaspace       used 63944K, committed 65472K, reserved 1114112K
  class space    used 6574K, committed 7232K, reserved 1048576K
}
Event: 56.439 GC heap after
{Heap after GC invocations=624 (full 3):
 PSYoungGen      total 13312K, used 384K [0x00000000eab00000, 0x00000000eba00000, 0x0000000100000000)
  eden space 12288K, 0% used [0x00000000eab00000,0x00000000eab00000,0x00000000eb700000)
  from space 1024K, 37% used [0x00000000eb880000,0x00000000eb8e0000,0x00000000eb980000)
  to   space 512K, 0% used [0x00000000eb980000,0x00000000eb980000,0x00000000eba00000)
 ParOldGen       total 421888K, used 421852K [0x00000000c0000000, 0x00000000d9c00000, 0x00000000eab00000)
  object space 421888K, 99% used [0x00000000c0000000,0x00000000d9bf7090,0x00000000d9c00000)
 Metaspace       used 63944K, committed 65472K, reserved 1114112K
  class space    used 6574K, committed 7232K, reserved 1048576K
}
Event: 57.498 GC heap before
{Heap before GC invocations=625 (full 3):
 PSYoungGen      total 13312K, used 12672K [0x00000000eab00000, 0x00000000eba00000, 0x0000000100000000)
  eden space 12288K, 100% used [0x00000000eab00000,0x00000000eb700000,0x00000000eb700000)
  from space 1024K, 37% used [0x00000000eb880000,0x00000000eb8e0000,0x00000000eb980000)
  to   space 512K, 0% used [0x00000000eb980000,0x00000000eb980000,0x00000000eba00000)
 ParOldGen       total 422400K, used 421888K [0x00000000c0000000, 0x00000000d9c80000, 0x00000000eab00000)
  object space 422400K, 99% used [0x00000000c0000000,0x00000000d9c00198,0x00000000d9c80000)
 Metaspace       used 63946K, committed 65472K, reserved 1114112K
  class space    used 6574K, committed 7232K, reserved 1048576K
}
Event: 57.500 GC heap after
{Heap after GC invocations=625 (full 3):
 PSYoungGen      total 12800K, used 308K [0x00000000eab00000, 0x00000000eba00000, 0x0000000100000000)
  eden space 12288K, 0% used [0x00000000eab00000,0x00000000eab00000,0x00000000eb700000)
  from space 512K, 60% used [0x00000000eb980000,0x00000000eb9cd200,0x00000000eba00000)
  to   space 512K, 0% used [0x00000000eb900000,0x00000000eb900000,0x00000000eb980000)
 ParOldGen       total 422400K, used 422096K [0x00000000c0000000, 0x00000000d9c80000, 0x00000000eab00000)
  object space 422400K, 99% used [0x00000000c0000000,0x00000000d9c34198,0x00000000d9c80000)
 Metaspace       used 63946K, committed 65472K, reserved 1114112K
  class space    used 6574K, committed 7232K, reserved 1048576K
}
Event: 57.916 GC heap before
{Heap before GC invocations=626 (full 3):
 PSYoungGen      total 12800K, used 12596K [0x00000000eab00000, 0x00000000eba00000, 0x0000000100000000)
  eden space 12288K, 100% used [0x00000000eab00000,0x00000000eb700000,0x00000000eb700000)
  from space 512K, 60% used [0x00000000eb980000,0x00000000eb9cd200,0x00000000eba00000)
  to   space 512K, 0% used [0x00000000eb900000,0x00000000eb900000,0x00000000eb980000)
 ParOldGen       total 425472K, used 425028K [0x00000000c0000000, 0x00000000d9f80000, 0x00000000eab00000)
  object space 425472K, 99% used [0x00000000c0000000,0x00000000d9f112d0,0x00000000d9f80000)
 Metaspace       used 63950K, committed 65472K, reserved 1114112K
  class space    used 6574K, committed 7232K, reserved 1048576K
}
Event: 57.920 GC heap after
{Heap after GC invocations=626 (full 3):
 PSYoungGen      total 12800K, used 256K [0x00000000eab00000, 0x00000000eba00000, 0x0000000100000000)
  eden space 12288K, 0% used [0x00000000eab00000,0x00000000eab00000,0x00000000eb700000)
  from space 512K, 50% used [0x00000000eb900000,0x00000000eb940000,0x00000000eb980000)
  to   space 512K, 0% used [0x00000000eb980000,0x00000000eb980000,0x00000000eba00000)
 ParOldGen       total 425472K, used 425240K [0x00000000c0000000, 0x00000000d9f80000, 0x00000000eab00000)
  object space 425472K, 99% used [0x00000000c0000000,0x00000000d9f460c8,0x00000000d9f80000)
 Metaspace       used 63950K, committed 65472K, reserved 1114112K
  class space    used 6574K, committed 7232K, reserved 1048576K
}
Event: 58.180 GC heap before
{Heap before GC invocations=627 (full 3):
 PSYoungGen      total 12800K, used 12544K [0x00000000eab00000, 0x00000000eba00000, 0x0000000100000000)
  eden space 12288K, 100% used [0x00000000eab00000,0x00000000eb700000,0x00000000eb700000)
  from space 512K, 50% used [0x00000000eb900000,0x00000000eb940000,0x00000000eb980000)
  to   space 512K, 0% used [0x00000000eb980000,0x00000000eb980000,0x00000000eba00000)
 ParOldGen       total 425472K, used 425242K [0x00000000c0000000, 0x00000000d9f80000, 0x00000000eab00000)
  object space 425472K, 99% used [0x00000000c0000000,0x00000000d9f46b00,0x00000000d9f80000)
 Metaspace       used 63998K, committed 65536K, reserved 1114112K
  class space    used 6586K, committed 7232K, reserved 1048576K
}
Event: 58.185 GC heap after
{Heap after GC invocations=627 (full 3):
 PSYoungGen      total 12800K, used 504K [0x00000000eab00000, 0x00000000eba00000, 0x0000000100000000)
  eden space 12288K, 0% used [0x00000000eab00000,0x00000000eab00000,0x00000000eb700000)
  from space 512K, 98% used [0x00000000eb980000,0x00000000eb9fe1c0,0x00000000eba00000)
  to   space 1024K, 0% used [0x00000000eb800000,0x00000000eb800000,0x00000000eb900000)
 ParOldGen       total 425472K, used 425419K [0x00000000c0000000, 0x00000000d9f80000, 0x00000000eab00000)
  object space 425472K, 99% used [0x00000000c0000000,0x00000000d9f72cd0,0x00000000d9f80000)
 Metaspace       used 63998K, committed 65536K, reserved 1114112K
  class space    used 6586K, committed 7232K, reserved 1048576K
}
Event: 59.063 GC heap before
{Heap before GC invocations=628 (full 3):
 PSYoungGen      total 12800K, used 12792K [0x00000000eab00000, 0x00000000eba00000, 0x0000000100000000)
  eden space 12288K, 100% used [0x00000000eab00000,0x00000000eb700000,0x00000000eb700000)
  from space 512K, 98% used [0x00000000eb980000,0x00000000eb9fe1c0,0x00000000eba00000)
  to   space 1024K, 0% used [0x00000000eb800000,0x00000000eb800000,0x00000000eb900000)
 ParOldGen       total 425472K, used 425419K [0x00000000c0000000, 0x00000000d9f80000, 0x00000000eab00000)
  object space 425472K, 99% used [0x00000000c0000000,0x00000000d9f72cd0,0x00000000d9f80000)
 Metaspace       used 64131K, committed 65600K, reserved 1114112K
  class space    used 6601K, committed 7232K, reserved 1048576K
}
Event: 59.071 GC heap after
{Heap after GC invocations=628 (full 3):
 PSYoungGen      total 13312K, used 1024K [0x00000000eab00000, 0x00000000ebe00000, 0x0000000100000000)
  eden space 12288K, 0% used [0x00000000eab00000,0x00000000eab00000,0x00000000eb700000)
  from space 1024K, 100% used [0x00000000eb800000,0x00000000eb900000,0x00000000eb900000)
  to   space 3584K, 0% used [0x00000000eba80000,0x00000000eba80000,0x00000000ebe00000)
 ParOldGen       total 427520K, used 427339K [0x00000000c0000000, 0x00000000da180000, 0x00000000eab00000)
  object space 427520K, 99% used [0x00000000c0000000,0x00000000da152ed8,0x00000000da180000)
 Metaspace       used 64131K, committed 65600K, reserved 1114112K
  class space    used 6601K, committed 7232K, reserved 1048576K
}
Event: 59.846 GC heap before
{Heap before GC invocations=629 (full 3):
 PSYoungGen      total 13312K, used 13311K [0x00000000eab00000, 0x00000000ebe00000, 0x0000000100000000)
  eden space 12288K, 99% used [0x00000000eab00000,0x00000000eb6ffff0,0x00000000eb700000)
  from space 1024K, 100% used [0x00000000eb800000,0x00000000eb900000,0x00000000eb900000)
  to   space 3584K, 0% used [0x00000000eba80000,0x00000000eba80000,0x00000000ebe00000)
 ParOldGen       total 427520K, used 427339K [0x00000000c0000000, 0x00000000da180000, 0x00000000eab00000)
  object space 427520K, 99% used [0x00000000c0000000,0x00000000da152ed8,0x00000000da180000)
 Metaspace       used 64432K, committed 65984K, reserved 1114112K
  class space    used 6619K, committed 7296K, reserved 1048576K
}
Event: 59.853 GC heap after
{Heap after GC invocations=629 (full 3):
 PSYoungGen      total 14336K, used 1827K [0x00000000eab00000, 0x00000000ebc80000, 0x0000000100000000)
  eden space 12288K, 0% used [0x00000000eab00000,0x00000000eab00000,0x00000000eb700000)
  from space 2048K, 89% used [0x00000000eba80000,0x00000000ebc48d00,0x00000000ebc80000)
  to   space 2560K, 0% used [0x00000000eb780000,0x00000000eb780000,0x00000000eba00000)
 ParOldGen       total 428544K, used 428411K [0x00000000c0000000, 0x00000000da280000, 0x00000000eab00000)
  object space 428544K, 99% used [0x00000000c0000000,0x00000000da25eed8,0x00000000da280000)
 Metaspace       used 64432K, committed 65984K, reserved 1114112K
  class space    used 6619K, committed 7296K, reserved 1048576K
}
Event: 61.445 GC heap before
{Heap before GC invocations=630 (full 3):
 PSYoungGen      total 14336K, used 14115K [0x00000000eab00000, 0x00000000ebc80000, 0x0000000100000000)
  eden space 12288K, 100% used [0x00000000eab00000,0x00000000eb700000,0x00000000eb700000)
  from space 2048K, 89% used [0x00000000eba80000,0x00000000ebc48d00,0x00000000ebc80000)
  to   space 2560K, 0% used [0x00000000eb780000,0x00000000eb780000,0x00000000eba00000)
 ParOldGen       total 428544K, used 428411K [0x00000000c0000000, 0x00000000da280000, 0x00000000eab00000)
  object space 428544K, 99% used [0x00000000c0000000,0x00000000da25eed8,0x00000000da280000)
 Metaspace       used 64664K, committed 66176K, reserved 1114112K
  class space    used 6666K, committed 7360K, reserved 1048576K
}
Event: 61.450 GC heap after
{Heap after GC invocations=630 (full 3):
 PSYoungGen      total 13312K, used 800K [0x00000000eab00000, 0x00000000ebb00000, 0x0000000100000000)
  eden space 12288K, 0% used [0x00000000eab00000,0x00000000eab00000,0x00000000eb700000)
  from space 1024K, 78% used [0x00000000eb780000,0x00000000eb848000,0x00000000eb880000)
  to   space 1536K, 0% used [0x00000000eb980000,0x00000000eb980000,0x00000000ebb00000)
 ParOldGen       total 429568K, used 429313K [0x00000000c0000000, 0x00000000da380000, 0x00000000eab00000)
  object space 429568K, 99% used [0x00000000c0000000,0x00000000da340748,0x00000000da380000)
 Metaspace       used 64664K, committed 66176K, reserved 1114112K
  class space    used 6666K, committed 7360K, reserved 1048576K
}
Event: 61.811 GC heap before
{Heap before GC invocations=631 (full 3):
 PSYoungGen      total 13312K, used 13088K [0x00000000eab00000, 0x00000000ebb00000, 0x0000000100000000)
  eden space 12288K, 100% used [0x00000000eab00000,0x00000000eb700000,0x00000000eb700000)
  from space 1024K, 78% used [0x00000000eb780000,0x00000000eb848000,0x00000000eb880000)
  to   space 1536K, 0% used [0x00000000eb980000,0x00000000eb980000,0x00000000ebb00000)
 ParOldGen       total 429568K, used 429313K [0x00000000c0000000, 0x00000000da380000, 0x00000000eab00000)
  object space 429568K, 99% used [0x00000000c0000000,0x00000000da340748,0x00000000da380000)
 Metaspace       used 64796K, committed 66304K, reserved 1114112K
  class space    used 6670K, committed 7360K, reserved 1048576K
}
Event: 61.819 GC heap after
{Heap after GC invocations=631 (full 3):
 PSYoungGen      total 13824K, used 1531K [0x00000000eab00000, 0x00000000ebb00000, 0x0000000100000000)
  eden space 12288K, 0% used [0x00000000eab00000,0x00000000eab00000,0x00000000eb700000)
  from space 1536K, 99% used [0x00000000eb980000,0x00000000ebafec08,0x00000000ebb00000)
  to   space 2048K, 0% used [0x00000000eb700000,0x00000000eb700000,0x00000000eb900000)
 ParOldGen       total 430080K, used 429977K [0x00000000c0000000, 0x00000000da400000, 0x00000000eab00000)
  object space 430080K, 99% used [0x00000000c0000000,0x00000000da3e6748,0x00000000da400000)
 Metaspace       used 64796K, committed 66304K, reserved 1114112K
  class space    used 6670K, committed 7360K, reserved 1048576K
}

