# JRE version: OpenJDK Runtime Environment Temurin-17.0.13+11 (17.0.13+11) (build 17.0.13+11)
# Java VM: OpenJDK 64-Bit Server VM Temurin-17.0.13+11 (17.0.13+11, mixed mode, tiered, compressed oops, compressed class ptrs, parallel gc, windows-amd64)
GC Precious Log:
 CPUs: 8 total, 8 available
 Memory: 7997M
 Large Page Support: Disabled
 NUMA Support: Disabled
 Compressed Oops: Enabled (32-bit)
 Alignments: Space 512K, Generation 512K, Heap 2M
 Heap Min Capacity: 100M
 Heap Initial Capacity: 100M
 Heap Max Capacity: 1G
 Pre-touch: Disabled
 Parallel Workers: 8
Heap:
 PSYoungGen      total 17408K, used 1751K [0x00000000eab00000, 0x00000000ec080000, 0x0000000100000000)
  eden space 15360K, 0% used [0x00000000eab00000,0x00000000eab00000,0x00000000eba00000)
  from space 2048K, 85% used [0x00000000ebe80000,0x00000000ec035c78,0x00000000ec080000)
  to   space 512K, 0% used [0x00000000eba00000,0x00000000eba00000,0x00000000eba80000)
 ParOldGen       total 68608K, used 32317K [0x00000000c0000000, 0x00000000c4300000, 0x00000000eab00000)
  object space 68608K, 47% used [0x00000000c0000000,0x00000000c1f8f750,0x00000000c4300000)
 Metaspace       used 59412K, committed 60608K, reserved 1114112K
  class space    used 6457K, committed 6976K, reserved 1048576K
GC Heap History (20 events):
Event: 53.813 GC heap before
{Heap before GC invocations=19 (full 2):
 PSYoungGen      total 23552K, used 23546K [0x00000000eab00000, 0x00000000ec500000, 0x0000000100000000)
  eden space 22016K, 100% used [0x00000000eab00000,0x00000000ec080000,0x00000000ec080000)
  from space 1536K, 99% used [0x00000000ec380000,0x00000000ec4fea10,0x00000000ec500000)
  to   space 2048K, 0% used [0x00000000ec100000,0x00000000ec100000,0x00000000ec300000)
 ParOldGen       total 68608K, used 19147K [0x00000000c0000000, 0x00000000c4300000, 0x00000000eab00000)
  object space 68608K, 27% used [0x00000000c0000000,0x00000000c12b2f40,0x00000000c4300000)
 Metaspace       used 48388K, committed 49472K, reserved 1114112K
  class space    used 5090K, committed 5568K, reserved 1048576K
}
Event: 53.822 GC heap after
{Heap after GC invocations=19 (full 2):
 PSYoungGen      total 24064K, used 1840K [0x00000000eab00000, 0x00000000ec480000, 0x0000000100000000)
  eden space 22016K, 0% used [0x00000000eab00000,0x00000000eab00000,0x00000000ec080000)
  from space 2048K, 89% used [0x00000000ec100000,0x00000000ec2cc1e0,0x00000000ec300000)
  to   space 1536K, 0% used [0x00000000ec300000,0x00000000ec300000,0x00000000ec480000)
 ParOldGen       total 68608K, used 20554K [0x00000000c0000000, 0x00000000c4300000, 0x00000000eab00000)
  object space 68608K, 29% used [0x00000000c0000000,0x00000000c1412ba8,0x00000000c4300000)
 Metaspace       used 48388K, committed 49472K, reserved 1114112K
  class space    used 5090K, committed 5568K, reserved 1048576K
}
Event: 54.266 GC heap before
{Heap before GC invocations=20 (full 2):
 PSYoungGen      total 24064K, used 23856K [0x00000000eab00000, 0x00000000ec480000, 0x0000000100000000)
  eden space 22016K, 100% used [0x00000000eab00000,0x00000000ec080000,0x00000000ec080000)
  from space 2048K, 89% used [0x00000000ec100000,0x00000000ec2cc1e0,0x00000000ec300000)
  to   space 1536K, 0% used [0x00000000ec300000,0x00000000ec300000,0x00000000ec480000)
 ParOldGen       total 68608K, used 20554K [0x00000000c0000000, 0x00000000c4300000, 0x00000000eab00000)
  object space 68608K, 29% used [0x00000000c0000000,0x00000000c1412ba8,0x00000000c4300000)
 Metaspace       used 49949K, committed 51072K, reserved 1114112K
  class space    used 5278K, committed 5760K, reserved 1048576K
}
Event: 54.273 GC heap after
{Heap after GC invocations=20 (full 2):
 PSYoungGen      total 21504K, used 1504K [0x00000000eab00000, 0x00000000ec980000, 0x0000000100000000)
  eden space 19968K, 0% used [0x00000000eab00000,0x00000000eab00000,0x00000000ebe80000)
  from space 1536K, 97% used [0x00000000ec300000,0x00000000ec478050,0x00000000ec480000)
  to   space 4608K, 0% used [0x00000000ebe80000,0x00000000ebe80000,0x00000000ec300000)
 ParOldGen       total 68608K, used 23066K [0x00000000c0000000, 0x00000000c4300000, 0x00000000eab00000)
  object space 68608K, 33% used [0x00000000c0000000,0x00000000c1686938,0x00000000c4300000)
 Metaspace       used 49949K, committed 51072K, reserved 1114112K
  class space    used 5278K, committed 5760K, reserved 1048576K
}
Event: 54.578 GC heap before
{Heap before GC invocations=21 (full 2):
 PSYoungGen      total 21504K, used 21472K [0x00000000eab00000, 0x00000000ec980000, 0x0000000100000000)
  eden space 19968K, 100% used [0x00000000eab00000,0x00000000ebe80000,0x00000000ebe80000)
  from space 1536K, 97% used [0x00000000ec300000,0x00000000ec478050,0x00000000ec480000)
  to   space 4608K, 0% used [0x00000000ebe80000,0x00000000ebe80000,0x00000000ec300000)
 ParOldGen       total 68608K, used 23066K [0x00000000c0000000, 0x00000000c4300000, 0x00000000eab00000)
  object space 68608K, 33% used [0x00000000c0000000,0x00000000c1686938,0x00000000c4300000)
 Metaspace       used 51491K, committed 52608K, reserved 1114112K
  class space    used 5455K, committed 5952K, reserved 1048576K
}
Event: 54.587 GC heap after
{Heap after GC invocations=21 (full 2):
 PSYoungGen      total 22016K, used 1772K [0x00000000eab00000, 0x00000000ec480000, 0x0000000100000000)
  eden space 19968K, 0% used [0x00000000eab00000,0x00000000eab00000,0x00000000ebe80000)
  from space 2048K, 86% used [0x00000000ebe80000,0x00000000ec03b108,0x00000000ec080000)
  to   space 3072K, 0% used [0x00000000ec180000,0x00000000ec180000,0x00000000ec480000)
 ParOldGen       total 68608K, used 24535K [0x00000000c0000000, 0x00000000c4300000, 0x00000000eab00000)
  object space 68608K, 35% used [0x00000000c0000000,0x00000000c17f5ea8,0x00000000c4300000)
 Metaspace       used 51491K, committed 52608K, reserved 1114112K
  class space    used 5455K, committed 5952K, reserved 1048576K
}
Event: 54.939 GC heap before
{Heap before GC invocations=22 (full 2):
 PSYoungGen      total 22016K, used 21740K [0x00000000eab00000, 0x00000000ec480000, 0x0000000100000000)
  eden space 19968K, 100% used [0x00000000eab00000,0x00000000ebe80000,0x00000000ebe80000)
  from space 2048K, 86% used [0x00000000ebe80000,0x00000000ec03b108,0x00000000ec080000)
  to   space 3072K, 0% used [0x00000000ec180000,0x00000000ec180000,0x00000000ec480000)
 ParOldGen       total 68608K, used 24535K [0x00000000c0000000, 0x00000000c4300000, 0x00000000eab00000)
  object space 68608K, 35% used [0x00000000c0000000,0x00000000c17f5ea8,0x00000000c4300000)
 Metaspace       used 52447K, committed 53568K, reserved 1114112K
  class space    used 5571K, committed 6080K, reserved 1048576K
}
Event: 54.947 GC heap after
{Heap after GC invocations=22 (full 2):
 PSYoungGen      total 22016K, used 1901K [0x00000000eab00000, 0x00000000ec380000, 0x0000000100000000)
  eden space 19968K, 0% used [0x00000000eab00000,0x00000000eab00000,0x00000000ebe80000)
  from space 2048K, 92% used [0x00000000ec180000,0x00000000ec35b630,0x00000000ec380000)
  to   space 2048K, 0% used [0x00000000ebe80000,0x00000000ebe80000,0x00000000ec080000)
 ParOldGen       total 68608K, used 26075K [0x00000000c0000000, 0x00000000c4300000, 0x00000000eab00000)
  object space 68608K, 38% used [0x00000000c0000000,0x00000000c1976ec8,0x00000000c4300000)
 Metaspace       used 52447K, committed 53568K, reserved 1114112K
  class space    used 5571K, committed 6080K, reserved 1048576K
}
Event: 55.218 GC heap before
{Heap before GC invocations=23 (full 2):
 PSYoungGen      total 22016K, used 21869K [0x00000000eab00000, 0x00000000ec380000, 0x0000000100000000)
  eden space 19968K, 100% used [0x00000000eab00000,0x00000000ebe80000,0x00000000ebe80000)
  from space 2048K, 92% used [0x00000000ec180000,0x00000000ec35b630,0x00000000ec380000)
  to   space 2048K, 0% used [0x00000000ebe80000,0x00000000ebe80000,0x00000000ec080000)
 ParOldGen       total 68608K, used 26075K [0x00000000c0000000, 0x00000000c4300000, 0x00000000eab00000)
  object space 68608K, 38% used [0x00000000c0000000,0x00000000c1976ec8,0x00000000c4300000)
 Metaspace       used 53574K, committed 54656K, reserved 1114112K
  class space    used 5742K, committed 6208K, reserved 1048576K
}
Event: 55.227 GC heap after
{Heap after GC invocations=23 (full 2):
 PSYoungGen      total 22016K, used 1779K [0x00000000eab00000, 0x00000000ec280000, 0x0000000100000000)
  eden space 19968K, 0% used [0x00000000eab00000,0x00000000eab00000,0x00000000ebe80000)
  from space 2048K, 86% used [0x00000000ebe80000,0x00000000ec03cfb0,0x00000000ec080000)
  to   space 2048K, 0% used [0x00000000ec080000,0x00000000ec080000,0x00000000ec280000)
 ParOldGen       total 68608K, used 27820K [0x00000000c0000000, 0x00000000c4300000, 0x00000000eab00000)
  object space 68608K, 40% used [0x00000000c0000000,0x00000000c1b2b3c8,0x00000000c4300000)
 Metaspace       used 53574K, committed 54656K, reserved 1114112K
  class space    used 5742K, committed 6208K, reserved 1048576K
}
Event: 56.005 GC heap before
{Heap before GC invocations=24 (full 2):
 PSYoungGen      total 22016K, used 21747K [0x00000000eab00000, 0x00000000ec280000, 0x0000000100000000)
  eden space 19968K, 100% used [0x00000000eab00000,0x00000000ebe80000,0x00000000ebe80000)
  from space 2048K, 86% used [0x00000000ebe80000,0x00000000ec03cfb0,0x00000000ec080000)
  to   space 2048K, 0% used [0x00000000ec080000,0x00000000ec080000,0x00000000ec280000)
 ParOldGen       total 68608K, used 27820K [0x00000000c0000000, 0x00000000c4300000, 0x00000000eab00000)
  object space 68608K, 40% used [0x00000000c0000000,0x00000000c1b2b3c8,0x00000000c4300000)
 Metaspace       used 55860K, committed 57088K, reserved 1114112K
  class space    used 5996K, committed 6528K, reserved 1048576K
}
Event: 56.015 GC heap after
{Heap after GC invocations=24 (full 2):
 PSYoungGen      total 19968K, used 2018K [0x00000000eab00000, 0x00000000ec680000, 0x0000000100000000)
  eden space 17920K, 0% used [0x00000000eab00000,0x00000000eab00000,0x00000000ebc80000)
  from space 2048K, 98% used [0x00000000ec080000,0x00000000ec278880,0x00000000ec280000)
  to   space 4096K, 0% used [0x00000000ebc80000,0x00000000ebc80000,0x00000000ec080000)
 ParOldGen       total 68608K, used 29455K [0x00000000c0000000, 0x00000000c4300000, 0x00000000eab00000)
  object space 68608K, 42% used [0x00000000c0000000,0x00000000c1cc3dc8,0x00000000c4300000)
 Metaspace       used 55860K, committed 57088K, reserved 1114112K
  class space    used 5996K, committed 6528K, reserved 1048576K
}
Event: 57.045 GC heap before
{Heap before GC invocations=25 (full 2):
 PSYoungGen      total 19968K, used 19938K [0x00000000eab00000, 0x00000000ec680000, 0x0000000100000000)
  eden space 17920K, 100% used [0x00000000eab00000,0x00000000ebc80000,0x00000000ebc80000)
  from space 2048K, 98% used [0x00000000ec080000,0x00000000ec278880,0x00000000ec280000)
  to   space 4096K, 0% used [0x00000000ebc80000,0x00000000ebc80000,0x00000000ec080000)
 ParOldGen       total 68608K, used 29455K [0x00000000c0000000, 0x00000000c4300000, 0x00000000eab00000)
  object space 68608K, 42% used [0x00000000c0000000,0x00000000c1cc3dc8,0x00000000c4300000)
 Metaspace       used 57327K, committed 58496K, reserved 1114112K
  class space    used 6202K, committed 6720K, reserved 1048576K
}
Event: 57.055 GC heap after
{Heap after GC invocations=25 (full 2):
 PSYoungGen      total 19968K, used 1789K [0x00000000eab00000, 0x00000000ec180000, 0x0000000100000000)
  eden space 17920K, 0% used [0x00000000eab00000,0x00000000eab00000,0x00000000ebc80000)
  from space 2048K, 87% used [0x00000000ebc80000,0x00000000ebe3f620,0x00000000ebe80000)
  to   space 2560K, 0% used [0x00000000ebf00000,0x00000000ebf00000,0x00000000ec180000)
 ParOldGen       total 68608K, used 31353K [0x00000000c0000000, 0x00000000c4300000, 0x00000000eab00000)
  object space 68608K, 45% used [0x00000000c0000000,0x00000000c1e9e450,0x00000000c4300000)
 Metaspace       used 57327K, committed 58496K, reserved 1114112K
  class space    used 6202K, committed 6720K, reserved 1048576K
}
Event: 57.699 GC heap before
{Heap before GC invocations=26 (full 2):
 PSYoungGen      total 19968K, used 19709K [0x00000000eab00000, 0x00000000ec180000, 0x0000000100000000)
  eden space 17920K, 100% used [0x00000000eab00000,0x00000000ebc80000,0x00000000ebc80000)
  from space 2048K, 87% used [0x00000000ebc80000,0x00000000ebe3f620,0x00000000ebe80000)
  to   space 2560K, 0% used [0x00000000ebf00000,0x00000000ebf00000,0x00000000ec180000)
 ParOldGen       total 68608K, used 31353K [0x00000000c0000000, 0x00000000c4300000, 0x00000000eab00000)
  object space 68608K, 45% used [0x00000000c0000000,0x00000000c1e9e450,0x00000000c4300000)
 Metaspace       used 58464K, committed 59712K, reserved 1114112K
  class space    used 6347K, committed 6912K, reserved 1048576K
}
Event: 57.706 GC heap after
{Heap after GC invocations=26 (full 2):
 PSYoungGen      total 17920K, used 2539K [0x00000000eab00000, 0x00000000ec680000, 0x0000000100000000)
  eden space 15360K, 0% used [0x00000000eab00000,0x00000000eab00000,0x00000000eba00000)
  from space 2560K, 99% used [0x00000000ebf00000,0x00000000ec17ae18,0x00000000ec180000)
  to   space 5120K, 0% used [0x00000000eba00000,0x00000000eba00000,0x00000000ebf00000)
 ParOldGen       total 68608K, used 33030K [0x00000000c0000000, 0x00000000c4300000, 0x00000000eab00000)
  object space 68608K, 48% used [0x00000000c0000000,0x00000000c20418a0,0x00000000c4300000)
 Metaspace       used 58464K, committed 59712K, reserved 1114112K
  class space    used 6347K, committed 6912K, reserved 1048576K
}
Event: 57.725 GC heap before
{Heap before GC invocations=27 (full 2):
 PSYoungGen      total 17920K, used 3587K [0x00000000eab00000, 0x00000000ec680000, 0x0000000100000000)
  eden space 15360K, 6% used [0x00000000eab00000,0x00000000eac06008,0x00000000eba00000)
  from space 2560K, 99% used [0x00000000ebf00000,0x00000000ec17ae18,0x00000000ec180000)
  to   space 5120K, 0% used [0x00000000eba00000,0x00000000eba00000,0x00000000ebf00000)
 ParOldGen       total 68608K, used 33030K [0x00000000c0000000, 0x00000000c4300000, 0x00000000eab00000)
  object space 68608K, 48% used [0x00000000c0000000,0x00000000c20418a0,0x00000000c4300000)
 Metaspace       used 58559K, committed 59776K, reserved 1114112K
  class space    used 6354K, committed 6912K, reserved 1048576K
}
Event: 57.730 GC heap after
{Heap after GC invocations=27 (full 2):
 PSYoungGen      total 15872K, used 256K [0x00000000eab00000, 0x00000000ec080000, 0x0000000100000000)
  eden space 15360K, 0% used [0x00000000eab00000,0x00000000eab00000,0x00000000eba00000)
  from space 512K, 50% used [0x00000000eba00000,0x00000000eba40250,0x00000000eba80000)
  to   space 2048K, 0% used [0x00000000ebe80000,0x00000000ebe80000,0x00000000ec080000)
 ParOldGen       total 68608K, used 35422K [0x00000000c0000000, 0x00000000c4300000, 0x00000000eab00000)
  object space 68608K, 51% used [0x00000000c0000000,0x00000000c2297ab8,0x00000000c4300000)
 Metaspace       used 58559K, committed 59776K, reserved 1114112K
  class space    used 6354K, committed 6912K, reserved 1048576K
}
Event: 57.730 GC heap before
{Heap before GC invocations=28 (full 3):
 PSYoungGen      total 15872K, used 256K [0x00000000eab00000, 0x00000000ec080000, 0x0000000100000000)
  eden space 15360K, 0% used [0x00000000eab00000,0x00000000eab00000,0x00000000eba00000)
  from space 512K, 50% used [0x00000000eba00000,0x00000000eba40250,0x00000000eba80000)
  to   space 2048K, 0% used [0x00000000ebe80000,0x00000000ebe80000,0x00000000ec080000)
 ParOldGen       total 68608K, used 35422K [0x00000000c0000000, 0x00000000c4300000, 0x00000000eab00000)
  object space 68608K, 51% used [0x00000000c0000000,0x00000000c2297ab8,0x00000000c4300000)
 Metaspace       used 58559K, committed 59776K, reserved 1114112K
  class space    used 6354K, committed 6912K, reserved 1048576K
}
Event: 57.866 GC heap after
{Heap after GC invocations=28 (full 3):
 PSYoungGen      total 15872K, used 0K [0x00000000eab00000, 0x00000000ec080000, 0x0000000100000000)
  eden space 15360K, 0% used [0x00000000eab00000,0x00000000eab00000,0x00000000eba00000)
  from space 512K, 0% used [0x00000000eba00000,0x00000000eba00000,0x00000000eba80000)
  to   space 2048K, 0% used [0x00000000ebe80000,0x00000000ebe80000,0x00000000ec080000)
 ParOldGen       total 68608K, used 32305K [0x00000000c0000000, 0x00000000c4300000, 0x00000000eab00000)
  object space 68608K, 47% used [0x00000000c0000000,0x00000000c1f8c438,0x00000000c4300000)
 Metaspace       used 58559K, committed 59776K, reserved 1114112K
  class space    used 6354K, committed 6912K, reserved 1048576K
}

